C:\TR\WORK\ON BOARD ASSIGNMENT\OMS\DEBUG\OMS.EXE
C:\TR\WORK\ON BOARD ASSIGNMENT\OMS\DEBUG\OMS.ILK
C:\TR\WORK\ON BOARD ASSIGNMENT\OMS\DEBUG\OMS.PDB
C:\TR\work\On board Assignment\OMS\OMS\Debug\cl.command.1.tlog
C:\TR\work\On board Assignment\OMS\OMS\Debug\CL.read.1.tlog
C:\TR\work\On board Assignment\OMS\OMS\Debug\CL.write.1.tlog
C:\TR\WORK\ON BOARD ASSIGNMENT\OMS\OMS\DEBUG\CMD.OBJ
C:\TR\WORK\ON BOARD ASSIGNMENT\OMS\OMS\DEBUG\DUMMYSTOCKEXCHANGE.OBJ
C:\TR\WORK\ON BOARD ASSIGNMENT\OMS\OMS\DEBUG\IORDERPROVIDER.OBJ
C:\TR\work\On board Assignment\OMS\OMS\Debug\link.10836.read.1.tlog
C:\TR\work\On board Assignment\OMS\OMS\Debug\link.10836.write.1.tlog
C:\TR\work\On board Assignment\OMS\OMS\Debug\link.10836-cvtres.read.1.tlog
C:\TR\work\On board Assignment\OMS\OMS\Debug\link.10836-cvtres.write.1.tlog
C:\TR\work\On board Assignment\OMS\OMS\Debug\link.command.1.tlog
C:\TR\work\On board Assignment\OMS\OMS\Debug\link.read.1.tlog
C:\TR\work\On board Assignment\OMS\OMS\Debug\link.write.1.tlog
C:\TR\work\On board Assignment\OMS\OMS\Debug\link-cvtres.read.1.tlog
C:\TR\work\On board Assignment\OMS\OMS\Debug\link-cvtres.write.1.tlog
C:\TR\work\On board Assignment\OMS\OMS\Debug\mt.command.1.tlog
C:\TR\work\On board Assignment\OMS\OMS\Debug\mt.read.1.tlog
C:\TR\work\On board Assignment\OMS\OMS\Debug\mt.write.1.tlog
C:\TR\WORK\ON BOARD ASSIGNMENT\OMS\OMS\DEBUG\OMS.EXE.EMBED.MANIFEST
C:\TR\WORK\ON BOARD ASSIGNMENT\OMS\OMS\DEBUG\OMS.EXE.EMBED.MANIFEST.RES
C:\TR\WORK\ON BOARD ASSIGNMENT\OMS\OMS\DEBUG\OMS.EXE.INTERMEDIATE.MANIFEST
C:\TR\work\On board Assignment\OMS\OMS\Debug\OMS.write.1.tlog
C:\TR\work\On board Assignment\OMS\OMS\Debug\OMS_manifest.rc
C:\TR\WORK\ON BOARD ASSIGNMENT\OMS\OMS\DEBUG\OMSMAIN.OBJ
C:\TR\WORK\ON BOARD ASSIGNMENT\OMS\OMS\DEBUG\ORDER.OBJ
C:\TR\WORK\ON BOARD ASSIGNMENT\OMS\OMS\DEBUG\ORDERFACTORY.OBJ
C:\TR\WORK\ON BOARD ASSIGNMENT\OMS\OMS\DEBUG\ORDERPROVIDER.OBJ
C:\TR\WORK\ON BOARD ASSIGNMENT\OMS\OMS\DEBUG\ORDERQUANTITYVALIDATOR.OBJ
C:\TR\WORK\ON BOARD ASSIGNMENT\OMS\OMS\DEBUG\ORDERVALIDATOR.OBJ
C:\TR\WORK\ON BOARD ASSIGNMENT\OMS\OMS\DEBUG\PRESENTER.OBJ
C:\TR\WORK\ON BOARD ASSIGNMENT\OMS\OMS\DEBUG\PROVIDER.OBJ
C:\TR\work\On board Assignment\OMS\OMS\Debug\rc.command.1.tlog
C:\TR\work\On board Assignment\OMS\OMS\Debug\rc.read.1.tlog
C:\TR\work\On board Assignment\OMS\OMS\Debug\rc.write.1.tlog
C:\TR\WORK\ON BOARD ASSIGNMENT\OMS\OMS\DEBUG\STOCKEXCHANGE.OBJ
C:\TR\WORK\ON BOARD ASSIGNMENT\OMS\OMS\DEBUG\TR_ERROR.OBJ
C:\TR\work\On board Assignment\OMS\OMS\Debug\vc100.idb
C:\TR\WORK\ON BOARD ASSIGNMENT\OMS\OMS\DEBUG\VC100.PDB
