Build started 6/21/2017 8:23:55 AM.
     1>Project "C:\TR\work\On board Assignment\OMS\OMS\OMS.vcxproj" on node 2 (build target(s)).
     1>InitializeBuildStatus:
         Creating "Debug\OMS.unsuccessfulbuild" because "AlwaysCreate" was specified.
       ClCompile:
         c:\Program Files (x86)\Microsoft Visual Studio 10.0\VC\bin\CL.exe /c /I"C:\Program Files (x86)\Visual Leak Detector\include" /ZI /nologo /W3 /WX- /Od /Oy- /D WIN32 /D _DEBUG /D _CONSOLE /D _UNICODE /D UNICODE /Gm /EHsc /RTC1 /MDd /GS /fp:precise /Zc:wchar_t /Zc:forScope /Fo"Debug\\" /Fd"Debug\vc100.pdb" /Gd /TP /analyze- /errorReport:prompt Cmd.cpp Presenter.cpp DummyStockExchange.cpp IOrderProvider.h OMSMain.cpp Order.cpp OrderFactory.cpp OrderProvider.cpp OrderQuantityValidator.cpp StockExchange.cpp Provider.cpp tr_error.cpp OrderValidator.cpp
         OrderValidator.cpp
         tr_error.cpp
         Provider.cpp
         StockExchange.cpp
         OrderQuantityValidator.cpp
         OrderProvider.cpp
         OrderFactory.cpp
         Order.cpp
         OMSMain.cpp
         IOrderProvider.h
         DummyStockExchange.cpp
         Presenter.cpp
         Cmd.cpp
         Generating Code...
       ManifestResourceCompile:
         c:\Program Files (x86)\Microsoft SDKs\Windows\v7.0A\bin\rc.exe /nologo /fo"Debug\OMS.exe.embed.manifest.res" Debug\OMS_manifest.rc 
       Link:
         c:\Program Files (x86)\Microsoft Visual Studio 10.0\VC\bin\link.exe /ERRORREPORT:PROMPT /OUT:"C:\TR\work\On board Assignment\OMS\Debug\OMS.exe" /INCREMENTAL /NOLOGO /LIBPATH:"C:\Program Files (x86)\Visual Leak Detector\lib\Win32" kernel32.lib user32.lib gdi32.lib winspool.lib comdlg32.lib advapi32.lib shell32.lib ole32.lib oleaut32.lib uuid.lib odbc32.lib odbccp32.lib /MANIFEST /ManifestFile:"Debug\OMS.exe.intermediate.manifest" /MANIFESTUAC:"level='asInvoker' uiAccess='false'" /DEBUG /PDB:"C:\TR\work\On board Assignment\OMS\Debug\OMS.pdb" /SUBSYSTEM:CONSOLE /TLBID:1 /DYNAMICBASE /NXCOMPAT /IMPLIB:"C:\TR\work\On board Assignment\OMS\Debug\OMS.lib" /MACHINE:X86 Debug\OMS.exe.embed.manifest.res
         Debug\Cmd.obj
         Debug\Presenter.obj
         Debug\DummyStockExchange.obj
         Debug\IOrderProvider.obj
         Debug\OMSMain.obj
         Debug\Order.obj
         Debug\OrderFactory.obj
         Debug\OrderProvider.obj
         Debug\OrderQuantityValidator.obj
         Debug\StockExchange.obj
         Debug\Provider.obj
         Debug\tr_error.obj
         Debug\OrderValidator.obj
       Manifest:
         c:\Program Files (x86)\Microsoft SDKs\Windows\v7.0A\bin\mt.exe /nologo /verbose /out:"Debug\OMS.exe.embed.manifest" /manifest Debug\OMS.exe.intermediate.manifest
         c:\Program Files (x86)\Microsoft SDKs\Windows\v7.0A\bin\rc.exe /nologo /fo"Debug\OMS.exe.embed.manifest.res" Debug\OMS_manifest.rc 
       LinkEmbedManifest:
         c:\Program Files (x86)\Microsoft Visual Studio 10.0\VC\bin\link.exe /ERRORREPORT:PROMPT /OUT:"C:\TR\work\On board Assignment\OMS\Debug\OMS.exe" /INCREMENTAL /NOLOGO /LIBPATH:"C:\Program Files (x86)\Visual Leak Detector\lib\Win32" kernel32.lib user32.lib gdi32.lib winspool.lib comdlg32.lib advapi32.lib shell32.lib ole32.lib oleaut32.lib uuid.lib odbc32.lib odbccp32.lib /MANIFEST /ManifestFile:"Debug\OMS.exe.intermediate.manifest" /MANIFESTUAC:"level='asInvoker' uiAccess='false'" /DEBUG /PDB:"C:\TR\work\On board Assignment\OMS\Debug\OMS.pdb" /SUBSYSTEM:CONSOLE /TLBID:1 /DYNAMICBASE /NXCOMPAT /IMPLIB:"C:\TR\work\On board Assignment\OMS\Debug\OMS.lib" /MACHINE:X86 Debug\OMS.exe.embed.manifest.res
         Debug\Cmd.obj
         Debug\Presenter.obj
         Debug\DummyStockExchange.obj
         Debug\IOrderProvider.obj
         Debug\OMSMain.obj
         Debug\Order.obj
         Debug\OrderFactory.obj
         Debug\OrderProvider.obj
         Debug\OrderQuantityValidator.obj
         Debug\StockExchange.obj
         Debug\Provider.obj
         Debug\tr_error.obj
         Debug\OrderValidator.obj
         OMS.vcxproj -> C:\TR\work\On board Assignment\OMS\Debug\OMS.exe
       FinalizeBuildStatus:
         Deleting file "Debug\OMS.unsuccessfulbuild".
         Touching "Debug\OMS.lastbuildstate".
     1>Done Building Project "C:\TR\work\On board Assignment\OMS\OMS\OMS.vcxproj" (build target(s)).

Build succeeded.

Time Elapsed 00:00:10.10
